{"/Users/jisbell/Documents/GitHub/GildedRose-Refactoring-Kata/js-jest/src/gilded_rose.js": {"path":"/Users/jisbell/Documents/GitHub/GildedRose-Refactoring-Kata/js-jest/src/gilded_rose.js","statementMap":{"0":{"start":{"line":3,"column":4},"end":{"line":3,"column":21}},"1":{"start":{"line":4,"column":4},"end":{"line":4,"column":25}},"2":{"start":{"line":5,"column":4},"end":{"line":5,"column":27}},"3":{"start":{"line":11,"column":4},"end":{"line":11,"column":23}},"4":{"start":{"line":14,"column":4},"end":{"line":57,"column":6}},"5":{"start":{"line":15,"column":6},"end":{"line":56,"column":7}},"6":{"start":{"line":17,"column":10},"end":{"line":19,"column":11}},"7":{"start":{"line":18,"column":12},"end":{"line":18,"column":41}},"8":{"start":{"line":20,"column":10},"end":{"line":22,"column":11}},"9":{"start":{"line":21,"column":12},"end":{"line":21,"column":42}},"10":{"start":{"line":23,"column":10},"end":{"line":23,"column":51}},"11":{"start":{"line":23,"column":33},"end":{"line":23,"column":50}},"12":{"start":{"line":24,"column":10},"end":{"line":24,"column":38}},"13":{"start":{"line":25,"column":10},"end":{"line":25,"column":17}},"14":{"start":{"line":28,"column":10},"end":{"line":28,"column":17}},"15":{"start":{"line":31,"column":10},"end":{"line":33,"column":11}},"16":{"start":{"line":32,"column":12},"end":{"line":32,"column":41}},"17":{"start":{"line":34,"column":10},"end":{"line":36,"column":11}},"18":{"start":{"line":35,"column":12},"end":{"line":35,"column":42}},"19":{"start":{"line":37,"column":10},"end":{"line":39,"column":11}},"20":{"start":{"line":38,"column":12},"end":{"line":38,"column":42}},"21":{"start":{"line":40,"column":10},"end":{"line":40,"column":38}},"22":{"start":{"line":41,"column":10},"end":{"line":41,"column":46}},"23":{"start":{"line":41,"column":29},"end":{"line":41,"column":45}},"24":{"start":{"line":42,"column":10},"end":{"line":42,"column":51}},"25":{"start":{"line":42,"column":33},"end":{"line":42,"column":50}},"26":{"start":{"line":43,"column":10},"end":{"line":43,"column":17}},"27":{"start":{"line":46,"column":10},"end":{"line":48,"column":11}},"28":{"start":{"line":47,"column":12},"end":{"line":47,"column":41}},"29":{"start":{"line":49,"column":10},"end":{"line":51,"column":11}},"30":{"start":{"line":50,"column":12},"end":{"line":50,"column":42}},"31":{"start":{"line":52,"column":10},"end":{"line":52,"column":49}},"32":{"start":{"line":52,"column":32},"end":{"line":52,"column":48}},"33":{"start":{"line":53,"column":10},"end":{"line":53,"column":38}},"34":{"start":{"line":54,"column":10},"end":{"line":54,"column":17}},"35":{"start":{"line":58,"column":4},"end":{"line":58,"column":22}},"36":{"start":{"line":62,"column":0},"end":{"line":65,"column":1}}},"fnMap":{"0":{"name":"(anonymous_0)","decl":{"start":{"line":2,"column":2},"end":{"line":2,"column":3}},"loc":{"start":{"line":2,"column":36},"end":{"line":6,"column":3}},"line":2},"1":{"name":"(anonymous_1)","decl":{"start":{"line":10,"column":2},"end":{"line":10,"column":3}},"loc":{"start":{"line":10,"column":23},"end":{"line":12,"column":3}},"line":10},"2":{"name":"(anonymous_2)","decl":{"start":{"line":13,"column":2},"end":{"line":13,"column":3}},"loc":{"start":{"line":13,"column":18},"end":{"line":59,"column":3}},"line":13},"3":{"name":"(anonymous_3)","decl":{"start":{"line":14,"column":23},"end":{"line":14,"column":24}},"loc":{"start":{"line":14,"column":30},"end":{"line":57,"column":5}},"line":14}},"branchMap":{"0":{"loc":{"start":{"line":10,"column":14},"end":{"line":10,"column":22}},"type":"default-arg","locations":[{"start":{"line":10,"column":20},"end":{"line":10,"column":22}}],"line":10},"1":{"loc":{"start":{"line":15,"column":6},"end":{"line":56,"column":7}},"type":"switch","locations":[{"start":{"line":16,"column":8},"end":{"line":25,"column":17}},{"start":{"line":27,"column":8},"end":{"line":28,"column":17}},{"start":{"line":30,"column":8},"end":{"line":43,"column":17}},{"start":{"line":45,"column":8},"end":{"line":54,"column":17}}],"line":15},"2":{"loc":{"start":{"line":17,"column":10},"end":{"line":19,"column":11}},"type":"if","locations":[{"start":{"line":17,"column":10},"end":{"line":19,"column":11}},{"start":{"line":17,"column":10},"end":{"line":19,"column":11}}],"line":17},"3":{"loc":{"start":{"line":20,"column":10},"end":{"line":22,"column":11}},"type":"if","locations":[{"start":{"line":20,"column":10},"end":{"line":22,"column":11}},{"start":{"line":20,"column":10},"end":{"line":22,"column":11}}],"line":20},"4":{"loc":{"start":{"line":23,"column":10},"end":{"line":23,"column":51}},"type":"if","locations":[{"start":{"line":23,"column":10},"end":{"line":23,"column":51}},{"start":{"line":23,"column":10},"end":{"line":23,"column":51}}],"line":23},"5":{"loc":{"start":{"line":31,"column":10},"end":{"line":33,"column":11}},"type":"if","locations":[{"start":{"line":31,"column":10},"end":{"line":33,"column":11}},{"start":{"line":31,"column":10},"end":{"line":33,"column":11}}],"line":31},"6":{"loc":{"start":{"line":34,"column":10},"end":{"line":36,"column":11}},"type":"if","locations":[{"start":{"line":34,"column":10},"end":{"line":36,"column":11}},{"start":{"line":34,"column":10},"end":{"line":36,"column":11}}],"line":34},"7":{"loc":{"start":{"line":37,"column":10},"end":{"line":39,"column":11}},"type":"if","locations":[{"start":{"line":37,"column":10},"end":{"line":39,"column":11}},{"start":{"line":37,"column":10},"end":{"line":39,"column":11}}],"line":37},"8":{"loc":{"start":{"line":41,"column":10},"end":{"line":41,"column":46}},"type":"if","locations":[{"start":{"line":41,"column":10},"end":{"line":41,"column":46}},{"start":{"line":41,"column":10},"end":{"line":41,"column":46}}],"line":41},"9":{"loc":{"start":{"line":42,"column":10},"end":{"line":42,"column":51}},"type":"if","locations":[{"start":{"line":42,"column":10},"end":{"line":42,"column":51}},{"start":{"line":42,"column":10},"end":{"line":42,"column":51}}],"line":42},"10":{"loc":{"start":{"line":46,"column":10},"end":{"line":48,"column":11}},"type":"if","locations":[{"start":{"line":46,"column":10},"end":{"line":48,"column":11}},{"start":{"line":46,"column":10},"end":{"line":48,"column":11}}],"line":46},"11":{"loc":{"start":{"line":49,"column":10},"end":{"line":51,"column":11}},"type":"if","locations":[{"start":{"line":49,"column":10},"end":{"line":51,"column":11}},{"start":{"line":49,"column":10},"end":{"line":51,"column":11}}],"line":49},"12":{"loc":{"start":{"line":52,"column":10},"end":{"line":52,"column":49}},"type":"if","locations":[{"start":{"line":52,"column":10},"end":{"line":52,"column":49}},{"start":{"line":52,"column":10},"end":{"line":52,"column":49}}],"line":52}},"s":{"0":17,"1":17,"2":17,"3":17,"4":17,"5":17,"6":4,"7":3,"8":4,"9":1,"10":4,"11":1,"12":4,"13":4,"14":3,"15":6,"16":5,"17":6,"18":5,"19":6,"20":4,"21":6,"22":6,"23":1,"24":6,"25":1,"26":6,"27":4,"28":3,"29":4,"30":1,"31":4,"32":1,"33":4,"34":4,"35":17,"36":1},"f":{"0":17,"1":17,"2":17,"3":17},"b":{"0":[0],"1":[4,3,6,4],"2":[3,1],"3":[1,3],"4":[1,3],"5":[5,1],"6":[5,1],"7":[4,2],"8":[1,5],"9":[1,5],"10":[3,1],"11":[1,3],"12":[1,3]},"_coverageSchema":"43e27e138ebf9cfc5966b082cf9a028302ed4184","hash":"dc1c011d082ce8cbb6f03abadb03d5019eba4686"}
}
