TN:
SF:/Users/jisbell/Documents/GitHub/GildedRose-Refactoring-Kata/js-jest/src/gilded_rose.js
FN:2,(anonymous_0)
FN:10,(anonymous_1)
FN:13,(anonymous_2)
FNF:3
FNH:3
FNDA:13,(anonymous_0)
FNDA:13,(anonymous_1)
FNDA:13,(anonymous_2)
DA:3,13
DA:4,13
DA:5,13
DA:11,13
DA:15,13
DA:17,13
DA:19,5
DA:21,4
DA:23,2
DA:29,8
DA:31,6
DA:33,6
DA:35,4
DA:36,3
DA:38,3
DA:42,4
DA:43,2
DA:45,2
DA:52,13
DA:54,11
DA:57,13
DA:59,3
DA:61,2
DA:63,1
DA:65,1
DA:67,1
DA:72,1
DA:76,1
DA:78,1
DA:85,13
DA:89,1
LF:31
LH:31
BRDA:10,0,0,0
BRDA:17,1,0,5
BRDA:17,1,1,8
BRDA:17,2,0,13
BRDA:17,2,1,10
BRDA:19,3,0,4
BRDA:19,3,1,1
BRDA:21,4,0,2
BRDA:21,4,1,2
BRDA:29,5,0,6
BRDA:29,5,1,2
BRDA:33,6,0,4
BRDA:33,6,1,2
BRDA:35,7,0,3
BRDA:35,7,1,1
BRDA:36,8,0,3
BRDA:36,8,1,0
BRDA:42,9,0,2
BRDA:42,9,1,2
BRDA:43,10,0,2
BRDA:43,10,1,0
BRDA:52,11,0,11
BRDA:52,11,1,2
BRDA:57,12,0,3
BRDA:57,12,1,10
BRDA:59,13,0,2
BRDA:59,13,1,1
BRDA:61,14,0,1
BRDA:61,14,1,1
BRDA:63,15,0,1
BRDA:63,15,1,0
BRDA:65,16,0,1
BRDA:65,16,1,0
BRDA:76,17,0,1
BRDA:76,17,1,0
BRF:35
BRH:29
end_of_record
